<?xml version="1.0" encoding="UTF-8"?>
<testsuite name="ReqresInTests" tests="1" skipped="0" failures="0" errors="0" timestamp="2023-09-06T13:06:58" hostname="DESKTOP-I09E3EB" time="3.676">
  <properties/>
  <testcase name="missingPasswordTest()" classname="ReqresInTests" time="3.676"/>
  <system-out><![CDATA[Request URI:	https://reqres.in/api/login
HTTP/1.1 400 Bad Request
{
    "error": "Missing password"
}
]]></system-out>
  <system-err><![CDATA[]]></system-err>
</testsuite>
